This is e-pTeX, Version 3.14159265-p3.7.1-161114-2.6 (utf8.sjis) (TeX Live 2017/W32TeX) (preloaded format=platex 2017.12.28)  5 FEB 2018 10:12
entering extended mode
 restricted \write18 enabled.
 %&-line parsing enabled.
**./thesis_sample.tex
(./thesis_sample.tex
pLaTeX2e <2017/10/28>+3 (based on LaTeX2e <2017-04-15>)
Babel <3.15> and hyphenation patterns for 84 language(s) loaded.
(c:/texlive/2017/texmf-dist/tex/platex/base/jreport.cls
Document Class: jreport 2017/09/19 v1.7g Standard pLaTeX class
\c@@paper=\count82
(c:/texlive/2017/texmf-dist/tex/platex/base/jsize11.clo
File: jsize11.clo 2017/09/19 v1.7g Standard pLaTeX file (size option)
)
\c@part=\count83
\c@chapter=\count84
\c@section=\count85
\c@subsection=\count86
\c@subsubsection=\count87
\c@paragraph=\count88
\c@subparagraph=\count89
\c@figure=\count90
\c@table=\count91
\abovecaptionskip=\skip41
\belowcaptionskip=\skip42
\symmincho=\mathgroup4
LaTeX Font Info:    Overwriting symbol font `mincho' in version `bold'
(Font)                  JY1/mc/m/n --> JY1/gt/m/n on input line 702.
\toclineskip=\dimen118
\@lnumwidth=\dimen119
\bibindent=\dimen120
\heisei=\count92
) (./wuse_thesis.sty
和歌山大学システム工学部卒業論文用スタイルファイル
(c:/texlive/2017/texmf-dist/tex/latex/base/ifthen.sty
Package: ifthen 2014/09/29 v1.1c Standard LaTeX ifthen package (DPC)
))
(c:/texlive/2017/texmf-dist/tex/latex/tools/indentfirst.sty
Package: indentfirst 1995/11/23 v1.03 Indent first paragraph (DPC)
)
(c:/texlive/2017/texmf-dist/tex/latex/amsmath/amsmath.sty
Package: amsmath 2017/09/02 v2.17a AMS math features
\@mathmargin=\skip43

For additional information on amsmath, use the `?' option.
(c:/texlive/2017/texmf-dist/tex/latex/amsmath/amstext.sty
Package: amstext 2000/06/29 v2.01 AMS text

(c:/texlive/2017/texmf-dist/tex/latex/amsmath/amsgen.sty
File: amsgen.sty 1999/11/30 v2.0 generic functions
\@emptytoks=\toks15
\ex@=\dimen121
))
(c:/texlive/2017/texmf-dist/tex/latex/amsmath/amsbsy.sty
Package: amsbsy 1999/11/29 v1.2d Bold Symbols
\pmbraise@=\dimen122
)
(c:/texlive/2017/texmf-dist/tex/latex/amsmath/amsopn.sty
Package: amsopn 2016/03/08 v2.02 operator names
)
\inf@bad=\count93
LaTeX Info: Redefining \frac on input line 213.
\uproot@=\count94
\leftroot@=\count95
LaTeX Info: Redefining \overline on input line 375.
\classnum@=\count96
\DOTSCASE@=\count97
LaTeX Info: Redefining \ldots on input line 472.
LaTeX Info: Redefining \dots on input line 475.
LaTeX Info: Redefining \cdots on input line 596.
\Mathstrutbox@=\box42
\strutbox@=\box43
\big@size=\dimen123
LaTeX Font Info:    Redeclaring font encoding OML on input line 712.
LaTeX Font Info:    Redeclaring font encoding OMS on input line 713.
\macc@depth=\count98
\c@MaxMatrixCols=\count99
\dotsspace@=\muskip10
\c@parentequation=\count100
\dspbrk@lvl=\count101
\tag@help=\toks16
\row@=\count102
\column@=\count103
\maxfields@=\count104
\andhelp@=\toks17
\eqnshift@=\dimen124
\alignsep@=\dimen125
\tagshift@=\dimen126
\tagwidth@=\dimen127
\totwidth@=\dimen128
\lineht@=\dimen129
\@envbody=\toks18
\multlinegap=\skip44
\multlinetaggap=\skip45
\mathdisplay@stack=\toks19
LaTeX Info: Redefining \[ on input line 2817.
LaTeX Info: Redefining \] on input line 2818.
)
(c:/texlive/2017/texmf-dist/tex/latex/amsfonts/amssymb.sty
Package: amssymb 2013/01/14 v3.01 AMS font symbols

(c:/texlive/2017/texmf-dist/tex/latex/amsfonts/amsfonts.sty
Package: amsfonts 2013/01/14 v3.01 Basic AMSFonts support
\symAMSa=\mathgroup5
\symAMSb=\mathgroup6
LaTeX Font Info:    Overwriting math alphabet `\mathfrak' in version `bold'
(Font)                  U/euf/m/n --> U/euf/b/n on input line 106.
))
(./thesis_sample.aux)
\openout1 = `thesis_sample.aux'.

LaTeX Font Info:    Checking defaults for OML/cmm/m/it on input line 48.
LaTeX Font Info:    ... okay on input line 48.
LaTeX Font Info:    Checking defaults for T1/cmr/m/n on input line 48.
LaTeX Font Info:    ... okay on input line 48.
LaTeX Font Info:    Checking defaults for OT1/cmr/m/n on input line 48.
LaTeX Font Info:    ... okay on input line 48.
LaTeX Font Info:    Checking defaults for OMS/cmsy/m/n on input line 48.
LaTeX Font Info:    ... okay on input line 48.
LaTeX Font Info:    Checking defaults for OMX/cmex/m/n on input line 48.
LaTeX Font Info:    ... okay on input line 48.
LaTeX Font Info:    Checking defaults for U/cmr/m/n on input line 48.
LaTeX Font Info:    ... okay on input line 48.
LaTeX Font Info:    Checking defaults for JY1/mc/m/n on input line 48.
LaTeX Font Info:    ... okay on input line 48.
LaTeX Font Info:    Checking defaults for JT1/mc/m/n on input line 48.
LaTeX Font Info:    ... okay on input line 48.
LaTeX Font Info:    Font shape `JT1/mc/bx/n' in size <20.74> not available
(Font)              Font shape `JT1/gt/m/n' tried instead on input line 50.
LaTeX Font Info:    Font shape `JY1/mc/bx/n' in size <20.74> not available
(Font)              Font shape `JY1/gt/m/n' tried instead on input line 50.
LaTeX Font Info:    Try loading font information for U+msa on input line 50.
 (c:/texlive/2017/texmf-dist/tex/latex/amsfonts/umsa.fd
File: umsa.fd 2013/01/14 v3.01 AMS symbols A
)
LaTeX Font Info:    Try loading font information for U+msb on input line 50.

(c:/texlive/2017/texmf-dist/tex/latex/amsfonts/umsb.fd
File: umsb.fd 2013/01/14 v3.01 AMS symbols B
)
LaTeX Font Info:    Font shape `JT1/mc/bx/n' in size <14.4> not available
(Font)              Font shape `JT1/gt/m/n' tried instead on input line 50.
LaTeX Font Info:    Font shape `JY1/mc/bx/n' in size <14.4> not available
(Font)              Font shape `JY1/gt/m/n' tried instead on input line 50.
 [1

]
LaTeX Font Info:    Font shape `JT1/mc/bx/n' in size <10.95> not available
(Font)              Font shape `JT1/gt/m/n' tried instead on input line 73.
LaTeX Font Info:    Font shape `JY1/mc/bx/n' in size <10.95> not available
(Font)              Font shape `JY1/gt/m/n' tried instead on input line 73.
 [1]
(./thesis_sample.toc)
\tf@toc=\write3
\openout3 = `thesis_sample.toc'.

 [2]
第 1 章
LaTeX Font Info:    Try loading font information for OMS+cmr on input line 113.

(c:/texlive/2017/texmf-dist/tex/latex/base/omscmr.fd
File: omscmr.fd 2014/09/29 v2.5h Standard LaTeX font definitions
)
LaTeX Font Info:    Font shape `OMS/cmr/m/n' in size <10.95> not available
(Font)              Font shape `OMS/cmsy/m/n' tried instead on input line 113.
LaTeX Font Info:    Font shape `JT1/mc/bx/n' in size <12> not available
(Font)              Font shape `JT1/gt/m/n' tried instead on input line 131.
LaTeX Font Info:    Font shape `JY1/mc/bx/n' in size <12> not available
(Font)              Font shape `JY1/gt/m/n' tried instead on input line 131.
 [1

] [2]
第 2 章

Overfull \hbox (157.10435pt too wide) detected at line 227
[] \OT1/cmr/m/n/10.95 = \OML/cmm/m/it/10.95 ^^K[]I[] \OT1/cmr/m/n/10.95 + \OML/
cmm/m/it/10.95 ^^K[]I[]\OT1/cmr/m/n/10.95 (1 \OMS/cmsy/m/n/10.95 ^^@ \OML/cmm/m
/it/10.95 ^^K[]\OT1/cmr/m/n/10.95 ) + \OML/cmm/m/it/10.95 ^^K[]I[]\OT1/cmr/m/n/
10.95 (1 \OMS/cmsy/m/n/10.95 ^^@ \OML/cmm/m/it/10.95 ^^K[]\OT1/cmr/m/n/10.95 )(
1 \OMS/cmsy/m/n/10.95 ^^@ \OML/cmm/m/it/10.95 ^^K[]\OT1/cmr/m/n/10.95 ) + [] + 
(1 \OMS/cmsy/m/n/10.95 ^^@ \OML/cmm/m/it/10.95 ^^K[]\OT1/cmr/m/n/10.95 )(1 \OMS
/cmsy/m/n/10.95 ^^@ \OML/cmm/m/it/10.95 ^^K[]\OT1/cmr/m/n/10.95 ) [] (1 \OMS/cm
sy/m/n/10.95 ^^@ \OML/cmm/m/it/10.95 ^^K[]\OT1/cmr/m/n/10.95 )\OML/cmm/m/it/10.
95 ^^K[]I[] \OT1/cmr/m/n/10.95 + (1 \OMS/cmsy/m/n/10.95 ^^@ \OML/cmm/m/it/10.95
 ^^K[]\OT1/cmr/m/n/10.95 )[]
 []

[3

] [4]
第 3 章
[5

] [6] (./thesis_sample.aux) ) 
Here is how much of TeX's memory you used:
 1396 strings out of 493643
 15750 string characters out of 6151777
 76517 words of memory out of 5000000
 4999 multiletter control sequences out of 15000+600000
 26549 words of font info for 106 fonts, out of 8000000 for 9000
 929 hyphenation exceptions out of 8191
 27i,8n,26p,315b,272s stack positions out of 5000i,500n,10000p,200000b,80000s

Output written on thesis_sample.dvi (9 pages, 16244 bytes).
