This is e-pTeX, Version 3.14159265-p3.7.1-161114-2.6 (utf8.sjis) (TeX Live 2017/W32TeX) (preloaded format=platex 2017.12.28)  29 DEC 2017 16:37
entering extended mode
 restricted \write18 enabled.
 %&-line parsing enabled.
**./wuse_thesis.sty
(./wuse_thesis.sty
pLaTeX2e <2017/10/28>+3 (based on LaTeX2e <2017-04-15>)
Babel <3.15> and hyphenation patterns for 84 language(s) loaded.
和歌山大学システム工学部卒業論文用スタイルファイル

! LaTeX Error: \usepackage before \documentclass.

See the LaTeX manual or LaTeX Companion for explanation.
Type  H <return>  for immediate help.
 ...                                              
                                                  
l.13 \usepackage{
                 ifthen}
? 
! Use of \@ doesn't match its definition.
\bachelar ->\@b
               achelar
l.101 \bachelar
               
? 

! LaTeX Error: Missing \begin{document}.

See the LaTeX manual or LaTeX Companion for explanation.
Type  H <return>  for immediate help.
 ...                                              
                                                  
l.101 \bachelar
               
? 

Overfull \hbox (40.48332pt too wide) in paragraph at lines 101--102
[]\OT1/cmr/m/n/10 achelar 
 []


! LaTeX Error: \maketitle undefined.

See the LaTeX manual or LaTeX Companion for explanation.
Type  H <return>  for immediate help.
 ...                                              
                                                  
l.106 \renewcommand{\maketitle}
                               {%
? 
)
*
(Please type a command or say `\end')
*
(Please type a command or say `\end')
*
(Please type a command or say `\end')
*
(Please type a command or say `\end')
*
(Please type a command or say `\end')
*\end

*
Runaway argument?
! Paragraph ended before \end was complete.
<to be read again> 
                   \par 
<*> 
    
? 
! Emergency stop.
<to be read again> 
                   \par 
<*> 
    
End of file on the terminal!

 
Here is how much of TeX's memory you used:
 34 strings out of 493643
 323 string characters out of 6151777
 55833 words of memory out of 5000000
 3729 multiletter control sequences out of 15000+600000
 7511 words of font info for 31 fonts, out of 8000000 for 9000
 929 hyphenation exceptions out of 8191
 7i,0n,5p,89b,14s stack positions out of 5000i,500n,10000p,200000b,80000s
No pages of output.
